Cloud-init v. 25.1.4-0ubuntu0~24.04.1 running 'init-local' at Tue, 23 Dec 2025 08:39:21 +0000. Up 5.28 seconds.
Cloud-init v. 25.1.4-0ubuntu0~24.04.1 running 'init' at Tue, 23 Dec 2025 08:39:38 +0000. Up 22.88 seconds.
ci-info: ++++++++++++++++++++++++++++++++++++++Net device info+++++++++++++++++++++++++++++++++++++++
ci-info: +--------+------+-----------------------------+---------------+--------+-------------------+
ci-info: | Device |  Up  |           Address           |      Mask     | Scope  |     Hw-Address    |
ci-info: +--------+------+-----------------------------+---------------+--------+-------------------+
ci-info: | ens33  | True |        192.168.23.129       | 255.255.255.0 | global | 00:0c:29:30:d5:21 |
ci-info: | ens33  | True | fe80::20c:29ff:fe30:d521/64 |       .       |  link  | 00:0c:29:30:d5:21 |
ci-info: |   lo   | True |          127.0.0.1          |   255.0.0.0   |  host  |         .         |
ci-info: |   lo   | True |           ::1/128           |       .       |  host  |         .         |
ci-info: +--------+------+-----------------------------+---------------+--------+-------------------+
ci-info: ++++++++++++++++++++++++++++++Route IPv4 info++++++++++++++++++++++++++++++
ci-info: +-------+--------------+--------------+---------------+-----------+-------+
ci-info: | Route | Destination  |   Gateway    |    Genmask    | Interface | Flags |
ci-info: +-------+--------------+--------------+---------------+-----------+-------+
ci-info: |   0   |   0.0.0.0    | 192.168.23.2 |    0.0.0.0    |   ens33   |   UG  |
ci-info: |   1   | 192.168.23.0 |   0.0.0.0    | 255.255.255.0 |   ens33   |   U   |
ci-info: +-------+--------------+--------------+---------------+-----------+-------+
ci-info: +++++++++++++++++++Route IPv6 info+++++++++++++++++++
ci-info: +-------+-------------+---------+-----------+-------+
ci-info: | Route | Destination | Gateway | Interface | Flags |
ci-info: +-------+-------------+---------+-----------+-------+
ci-info: |   0   |  fe80::/64  |    ::   |   ens33   |   U   |
ci-info: |   2   |    local    |    ::   |   ens33   |   U   |
ci-info: |   3   |  multicast  |    ::   |   ens33   |   U   |
ci-info: +-------+-------------+---------+-----------+-------+
Generating public/private rsa key pair.
Your identification has been saved in /etc/ssh/ssh_host_rsa_key
Your public key has been saved in /etc/ssh/ssh_host_rsa_key.pub
The key fingerprint is:
SHA256:SdyPQE2X8lMTccUidyldxBv9qeEiR6NPn7folTOOvaQ root@hanuman-VMware-Virtual-Platform
The key's randomart image is:
+---[RSA 3072]----+
|        .o. ..+*X|
|       o .o.o.===|
|        + .o +.+=|
|       . o =o. o.|
|        S + +.o  |
|         o + o  .|
|          = o .* |
|           . oO.o|
|            .E.=o|
+----[SHA256]-----+
Generating public/private ecdsa key pair.
Your identification has been saved in /etc/ssh/ssh_host_ecdsa_key
Your public key has been saved in /etc/ssh/ssh_host_ecdsa_key.pub
The key fingerprint is:
SHA256:Xhmldm+hm6q4YiuCKZQcDCOiFeC9lfdLAgS4Fp1426Q root@hanuman-VMware-Virtual-Platform
The key's randomart image is:
+---[ECDSA 256]---+
|..=oo.      .    |
|*+o+...    o     |
|*++.=+ .  + . .  |
|.= Eo.o .. + o . |
|o o.   .Soo . o  |
| +     .o..  +   |
|o.      ..  o    |
|= . o  .   .     |
|.. o.oo....      |
+----[SHA256]-----+
Generating public/private ed25519 key pair.
Your identification has been saved in /etc/ssh/ssh_host_ed25519_key
Your public key has been saved in /etc/ssh/ssh_host_ed25519_key.pub
The key fingerprint is:
SHA256:n+Zpy5klPgg4Ko3ar1SL1gumWIIKCSMTm7HlIvAL1Y8 root@hanuman-VMware-Virtual-Platform
The key's randomart image is:
+--[ED25519 256]--+
|                 |
|   .             |
|+ o .            |
|.@   o           |
|% o E.. S        |
|=* =o..  . .     |
|=oO.o. . .= .    |
|*Oo. .  .=o*     |
|*.ooo    .Oo     |
+----[SHA256]-----+
Cloud-init v. 25.1.4-0ubuntu0~24.04.1 running 'modules:config' at Tue, 23 Dec 2025 08:39:42 +0000. Up 26.45 seconds.
Generating locales (this might take a while)...
  en_US.UTF-8... done
Generation complete.
Cloud-init v. 25.1.4-0ubuntu0~24.04.1 running 'modules:final' at Tue, 23 Dec 2025 08:40:49 +0000. Up 93.93 seconds.
Cloud-init v. 25.1.4-0ubuntu0~24.04.1 finished at Tue, 23 Dec 2025 08:40:50 +0000. Datasource DataSourceNone.  Up 94.15 seconds
