2026-02-08T10:46:54.036289+05:30 hanuman-VMware-Virtual-Platform kernel: workqueue: pcpu_balance_workfn hogged CPU for >10000us 4 times, consider switching to WQ_UNBOUND
2026-02-08T10:46:55.951536+05:30 hanuman-VMware-Virtual-Platform kernel: workqueue: pcpu_balance_workfn hogged CPU for >10000us 5 times, consider switching to WQ_UNBOUND
2026-02-08T10:47:00.834699+05:30 hanuman-VMware-Virtual-Platform kernel: rfkill: input handler disabled
2026-02-08T10:47:03.152552+05:30 hanuman-VMware-Virtual-Platform kernel: ------------[ cut here ]------------
2026-02-08T10:47:03.152573+05:30 hanuman-VMware-Virtual-Platform kernel: WARNING: CPU: 1 PID: 1007 at drivers/gpu/drm/vmwgfx/vmwgfx_bo.c:78 vmw_bo_free+0x41/0x60 [vmwgfx]
2026-02-08T10:47:03.154113+05:30 hanuman-VMware-Virtual-Platform kernel: Modules linked in: snd_seq_dummy snd_hrtimer snd_ens1371 qrtr intel_rapl_msr snd_ac97_codec intel_rapl_common intel_uncore_frequency_common gameport ac97_bus intel_pmc_core pmt_telemetry pmt_class intel_vsec polyval_clmulni snd_pcm polyval_generic ghash_clmulni_intel sha256_ssse3 sha1_ssse3 aesni_intel snd_seq_midi crypto_simd vmw_balloon snd_seq_midi_event cryptd rapl snd_rawmidi snd_seq vmwgfx snd_seq_device snd_timer drm_ttm_helper snd ttm soundcore i2c_piix4 vmw_vmci i2c_smbus joydev input_leds mac_hid serio_raw binfmt_misc sch_fq_codel msr parport_pc ppdev lp parport efi_pstore nfnetlink dmi_sysfs ip_tables x_tables autofs4 mptspi mptscsih hid_generic vga16fb psmouse mptbase usbhid ahci vgastate hid libahci e1000 scsi_transport_spi pata_acpi
2026-02-08T10:47:03.154122+05:30 hanuman-VMware-Virtual-Platform kernel: CPU: 1 UID: 0 PID: 1007 Comm: plymouthd Not tainted 6.14.0-37-generic #37~24.04.1-Ubuntu
2026-02-08T10:47:03.154123+05:30 hanuman-VMware-Virtual-Platform kernel: Hardware name: VMware, Inc. VMware Virtual Platform/440BX Desktop Reference Platform, BIOS 6.00 11/12/2020
2026-02-08T10:47:03.154126+05:30 hanuman-VMware-Virtual-Platform kernel: RIP: 0010:vmw_bo_free+0x41/0x60 [vmwgfx]
2026-02-08T10:47:03.154127+05:30 hanuman-VMware-Virtual-Platform kernel: Code: 75 28 48 89 df e8 df fd ff ff 48 83 bb 88 02 00 00 00 75 1a 48 89 df e8 ad 4e 6e ca 48 8b 5d f8 c9 31 c0 31 ff e9 3f 28 4a cb <0f> 0b eb d4 0f 0b 48 89 df e8 91 4e 6e ca 48 8b 5d f8 c9 31 c0 31
2026-02-08T10:47:03.154128+05:30 hanuman-VMware-Virtual-Platform kernel: RSP: 0000:ffffd0f58208b788 EFLAGS: 00010286
2026-02-08T10:47:03.154129+05:30 hanuman-VMware-Virtual-Platform kernel: RAX: ffff8b5b0ffd98c0 RBX: ffff8b5b02ef3c00 RCX: 0000000000000000
2026-02-08T10:47:03.154130+05:30 hanuman-VMware-Virtual-Platform kernel: RDX: 0000000000000000 RSI: 0000000000000000 RDI: ffff8b5b02ef3c00
2026-02-08T10:47:03.154131+05:30 hanuman-VMware-Virtual-Platform kernel: RBP: ffffd0f58208b790 R08: 0000000000000000 R09: 0000000000000000
2026-02-08T10:47:03.154132+05:30 hanuman-VMware-Virtual-Platform kernel: R10: 0000000000000000 R11: 0000000000000000 R12: 0000000000000000
2026-02-08T10:47:03.154133+05:30 hanuman-VMware-Virtual-Platform kernel: R13: ffff8b5b0fff0618 R14: ffff8b5b02ef3c00 R15: ffff8b5b02ef3d00
2026-02-08T10:47:03.154134+05:30 hanuman-VMware-Virtual-Platform kernel: FS:  0000000000000000(0000) GS:ffff8b5b79e80000(0000) knlGS:0000000000000000
2026-02-08T10:47:03.154135+05:30 hanuman-VMware-Virtual-Platform kernel: CS:  0010 DS: 0000 ES: 0000 CR0: 0000000080050033
2026-02-08T10:47:03.154135+05:30 hanuman-VMware-Virtual-Platform kernel: CR2: 00007a0394d4f890 CR3: 000000002d871002 CR4: 00000000003706f0
2026-02-08T10:47:03.154136+05:30 hanuman-VMware-Virtual-Platform kernel: Call Trace:
2026-02-08T10:47:03.154138+05:30 hanuman-VMware-Virtual-Platform kernel:  <TASK>
2026-02-08T10:47:03.154138+05:30 hanuman-VMware-Virtual-Platform kernel:  ttm_bo_release+0x6e/0x2e0 [ttm]
2026-02-08T10:47:03.154139+05:30 hanuman-VMware-Virtual-Platform kernel:  ? drm_vma_node_revoke+0x73/0x90
2026-02-08T10:47:03.154140+05:30 hanuman-VMware-Virtual-Platform kernel:  ? kfree+0x2c6/0x360
2026-02-08T10:47:03.154141+05:30 hanuman-VMware-Virtual-Platform kernel:  ttm_bo_put+0x3c/0x70 [ttm]
2026-02-08T10:47:03.154142+05:30 hanuman-VMware-Virtual-Platform kernel:  vmw_gem_object_free+0x13/0x30 [vmwgfx]
2026-02-08T10:47:03.154143+05:30 hanuman-VMware-Virtual-Platform kernel:  drm_gem_object_handle_put_unlocked+0x120/0x130
2026-02-08T10:47:03.154144+05:30 hanuman-VMware-Virtual-Platform kernel:  drm_gem_object_release_handle+0x5b/0xc0
2026-02-08T10:47:03.154145+05:30 hanuman-VMware-Virtual-Platform kernel:  ? __pfx_drm_gem_object_release_handle+0x10/0x10
2026-02-08T10:47:03.154145+05:30 hanuman-VMware-Virtual-Platform kernel:  idr_for_each+0x6e/0xf0
2026-02-08T10:47:03.154146+05:30 hanuman-VMware-Virtual-Platform kernel:  drm_gem_release+0x20/0x40
2026-02-08T10:47:03.154147+05:30 hanuman-VMware-Virtual-Platform kernel:  drm_file_free+0x1c5/0x270
2026-02-08T10:47:03.154148+05:30 hanuman-VMware-Virtual-Platform kernel:  drm_release+0xb1/0x130
2026-02-08T10:47:03.154149+05:30 hanuman-VMware-Virtual-Platform kernel:  __fput+0xed/0x2d0
2026-02-08T10:47:03.154150+05:30 hanuman-VMware-Virtual-Platform kernel:  ____fput+0x15/0x20
2026-02-08T10:47:03.154150+05:30 hanuman-VMware-Virtual-Platform kernel:  task_work_run+0x60/0xa0
2026-02-08T10:47:03.154151+05:30 hanuman-VMware-Virtual-Platform kernel:  do_exit+0x274/0x4e0
2026-02-08T10:47:03.154152+05:30 hanuman-VMware-Virtual-Platform kernel:  do_group_exit+0x34/0x90
2026-02-08T10:47:03.154153+05:30 hanuman-VMware-Virtual-Platform kernel:  get_signal+0x8cb/0x8d0
2026-02-08T10:47:03.154154+05:30 hanuman-VMware-Virtual-Platform kernel:  arch_do_signal_or_restart+0x39/0x110
2026-02-08T10:47:03.154155+05:30 hanuman-VMware-Virtual-Platform kernel:  syscall_exit_to_user_mode+0x146/0x1d0
2026-02-08T10:47:03.154156+05:30 hanuman-VMware-Virtual-Platform kernel:  do_syscall_64+0x8a/0x170
2026-02-08T10:47:03.154156+05:30 hanuman-VMware-Virtual-Platform kernel:  ? do_syscall_64+0x8a/0x170
2026-02-08T10:47:03.154157+05:30 hanuman-VMware-Virtual-Platform kernel:  ? get_nohz_timer_target+0x29/0x1a0
2026-02-08T10:47:03.154158+05:30 hanuman-VMware-Virtual-Platform kernel:  ? wake_page_function+0x6c/0xc0
2026-02-08T10:47:03.154159+05:30 hanuman-VMware-Virtual-Platform kernel:  ? switch_hrtimer_base+0x194/0x220
2026-02-08T10:47:03.154160+05:30 hanuman-VMware-Virtual-Platform kernel:  ? timerqueue_add+0x69/0xd0
2026-02-08T10:47:03.154161+05:30 hanuman-VMware-Virtual-Platform kernel:  ? enqueue_hrtimer+0x4d/0xb0
2026-02-08T10:47:03.154161+05:30 hanuman-VMware-Virtual-Platform kernel:  ? hrtimer_start_range_ns+0x13b/0x2f0
2026-02-08T10:47:03.154162+05:30 hanuman-VMware-Virtual-Platform kernel:  ? __remove_hrtimer+0x52/0xb0
2026-02-08T10:47:03.154163+05:30 hanuman-VMware-Virtual-Platform kernel:  ? sched_clock+0x10/0x30
2026-02-08T10:47:03.154164+05:30 hanuman-VMware-Virtual-Platform kernel:  ? __enqueue_entity+0x164/0x220
2026-02-08T10:47:03.154165+05:30 hanuman-VMware-Virtual-Platform kernel:  ? psi_group_change+0x201/0x4e0
2026-02-08T10:47:03.154166+05:30 hanuman-VMware-Virtual-Platform kernel:  ? pick_eevdf+0x175/0x1b0
2026-02-08T10:47:03.154166+05:30 hanuman-VMware-Virtual-Platform kernel:  ? update_curr+0x38/0x250
2026-02-08T10:47:03.154167+05:30 hanuman-VMware-Virtual-Platform kernel:  ? check_preempt_wakeup_fair+0x21c/0x290
2026-02-08T10:47:03.154168+05:30 hanuman-VMware-Virtual-Platform kernel:  ? wakeup_preempt+0x75/0x80
2026-02-08T10:47:03.154169+05:30 hanuman-VMware-Virtual-Platform kernel:  ? ttwu_do_activate+0x92/0x2c0
2026-02-08T10:47:03.154170+05:30 hanuman-VMware-Virtual-Platform kernel:  ? sched_ttwu_pending+0x127/0x1e0
2026-02-08T10:47:03.154171+05:30 hanuman-VMware-Virtual-Platform kernel:  ? __flush_smp_call_function_queue+0x13d/0x430
2026-02-08T10:47:03.154172+05:30 hanuman-VMware-Virtual-Platform kernel:  ? arch_exit_to_user_mode_prepare.isra.0+0x22/0x120
2026-02-08T10:47:03.154172+05:30 hanuman-VMware-Virtual-Platform kernel:  ? irqentry_exit_to_user_mode+0x2d/0x1d0
2026-02-08T10:47:03.154173+05:30 hanuman-VMware-Virtual-Platform kernel:  ? clear_bhb_loop+0x30/0x80
2026-02-08T10:47:03.154177+05:30 hanuman-VMware-Virtual-Platform kernel: message repeated 2 times: [  ? clear_bhb_loop+0x30/0x80]
2026-02-08T10:47:03.154179+05:30 hanuman-VMware-Virtual-Platform kernel:  entry_SYSCALL_64_after_hwframe+0x76/0x7e
2026-02-08T10:47:03.154183+05:30 hanuman-VMware-Virtual-Platform kernel: RIP: 0033:0x7c3a5dbd028d
2026-02-08T10:47:03.154184+05:30 hanuman-VMware-Virtual-Platform kernel: Code: Unable to access opcode bytes at 0x7c3a5dbd0263.
2026-02-08T10:47:03.154185+05:30 hanuman-VMware-Virtual-Platform kernel: RSP: 002b:00007c3a5c845dc8 EFLAGS: 00000246 ORIG_RAX: 00000000000000ca
2026-02-08T10:47:03.154186+05:30 hanuman-VMware-Virtual-Platform kernel: RAX: fffffffffffffe00 RBX: 0000583d3f8a6d20 RCX: 00007c3a5dbd028d
2026-02-08T10:47:03.154187+05:30 hanuman-VMware-Virtual-Platform kernel: RDX: 0000000000000006 RSI: 0000000000000080 RDI: 0000583d3f8a6d30
2026-02-08T10:47:03.154187+05:30 hanuman-VMware-Virtual-Platform kernel: RBP: 00007c3a5c845e00 R08: 0000000000000007 R09: 0000583d3f8b1880
2026-02-08T10:47:03.154188+05:30 hanuman-VMware-Virtual-Platform kernel: R10: 0000000000000000 R11: 0000000000000246 R12: 00007c3a5c846648
2026-02-08T10:47:03.154189+05:30 hanuman-VMware-Virtual-Platform kernel: R13: 0000000000000006 R14: 0000583d3f8a6d30 R15: 0000000000000002
2026-02-08T10:47:03.154190+05:30 hanuman-VMware-Virtual-Platform kernel:  </TASK>
2026-02-08T10:47:03.154191+05:30 hanuman-VMware-Virtual-Platform kernel: ---[ end trace 0000000000000000 ]---
2026-02-08T10:47:52.131678+05:30 hanuman-VMware-Virtual-Platform kernel: workqueue: pcpu_balance_workfn hogged CPU for >10000us 7 times, consider switching to WQ_UNBOUND
2026-02-08T10:47:52.758285+05:30 hanuman-VMware-Virtual-Platform kernel: rfkill: input handler enabled
2026-02-08T10:47:57.964164+05:30 hanuman-VMware-Virtual-Platform kernel: rfkill: input handler disabled
2026-02-08T10:47:58.916276+05:30 hanuman-VMware-Virtual-Platform kernel: /dev/sr0: Can't open blockdev
2026-02-08T10:47:58.917796+05:30 hanuman-VMware-Virtual-Platform kernel: ISO 9660 Extensions: Microsoft Joliet Level 3
2026-02-08T10:47:58.924222+05:30 hanuman-VMware-Virtual-Platform kernel: ISO 9660 Extensions: RRIP_1991A
2026-02-08T10:48:00.726512+05:30 hanuman-VMware-Virtual-Platform kernel: workqueue: pcpu_balance_workfn hogged CPU for >10000us 11 times, consider switching to WQ_UNBOUND
2026-02-08T10:48:26.918179+05:30 hanuman-VMware-Virtual-Platform kernel: workqueue: blk_mq_run_work_fn hogged CPU for >10000us 4 times, consider switching to WQ_UNBOUND
2026-02-08T11:07:37.548716+05:30 hanuman-VMware-Virtual-Platform kernel: hrtimer: interrupt took 8365221 ns
2026-02-08T11:07:48.140250+05:30 hanuman-VMware-Virtual-Platform kernel: workqueue: blk_mq_run_work_fn hogged CPU for >10000us 5 times, consider switching to WQ_UNBOUND
2026-02-08T11:09:08.664302+05:30 hanuman-VMware-Virtual-Platform kernel: workqueue: psi_avgs_work hogged CPU for >10000us 4 times, consider switching to WQ_UNBOUND
2026-02-08T11:15:06.532209+05:30 hanuman-VMware-Virtual-Platform kernel: workqueue: psi_avgs_work hogged CPU for >10000us 5 times, consider switching to WQ_UNBOUND
2026-02-08T11:17:03.575441+05:30 hanuman-VMware-Virtual-Platform kernel: workqueue: psi_avgs_work hogged CPU for >10000us 7 times, consider switching to WQ_UNBOUND
2026-02-08T11:17:22.108105+05:30 hanuman-VMware-Virtual-Platform kernel: workqueue: blk_mq_run_work_fn hogged CPU for >10000us 7 times, consider switching to WQ_UNBOUND
2026-02-08T11:24:13.776183+05:30 hanuman-VMware-Virtual-Platform kernel: workqueue: blk_mq_run_work_fn hogged CPU for >10000us 11 times, consider switching to WQ_UNBOUND
2026-02-08T11:24:15.457434+05:30 hanuman-VMware-Virtual-Platform kernel: audit: type=1400 audit(1770530055.454:163): apparmor="DENIED" operation="open" class="file" profile="snap.firefox.firefox" name="/proc/pressure/memory" pid=3500 comm="firefox" requested_mask="r" denied_mask="r" fsuid=1000 ouid=0
2026-02-08T11:25:02.901423+05:30 hanuman-VMware-Virtual-Platform kernel: audit: type=1400 audit(1770530102.899:164): apparmor="DENIED" operation="open" class="file" profile="snap.firefox.firefox" name="/proc/pressure/memory" pid=3500 comm="MemoryPoller" requested_mask="r" denied_mask="r" fsuid=1000 ouid=0
2026-02-08T11:25:07.909900+05:30 hanuman-VMware-Virtual-Platform kernel: audit: type=1400 audit(1770530107.907:165): apparmor="DENIED" operation="open" class="file" profile="snap.firefox.firefox" name="/proc/pressure/memory" pid=3500 comm="MemoryPoller" requested_mask="r" denied_mask="r" fsuid=1000 ouid=0
2026-02-08T11:25:12.955220+05:30 hanuman-VMware-Virtual-Platform kernel: audit: type=1400 audit(1770530112.952:166): apparmor="DENIED" operation="open" class="file" profile="snap.firefox.firefox" name="/proc/pressure/memory" pid=3500 comm="MemoryPoller" requested_mask="r" denied_mask="r" fsuid=1000 ouid=0
2026-02-08T11:25:32.575483+05:30 hanuman-VMware-Virtual-Platform kernel: audit: type=1400 audit(1770530132.573:167): apparmor="DENIED" operation="open" class="file" profile="snap.firefox.firefox" name="/proc/pressure/memory" pid=3500 comm="MemoryPoller" requested_mask="r" denied_mask="r" fsuid=1000 ouid=0
2026-02-08T11:25:37.702687+05:30 hanuman-VMware-Virtual-Platform kernel: audit: type=1400 audit(1770530137.700:168): apparmor="DENIED" operation="open" class="file" profile="snap.firefox.firefox" name="/proc/pressure/memory" pid=3500 comm="MemoryPoller" requested_mask="r" denied_mask="r" fsuid=1000 ouid=0
2026-02-08T11:25:39.992202+05:30 hanuman-VMware-Virtual-Platform kernel: workqueue: blk_mq_run_work_fn hogged CPU for >10000us 19 times, consider switching to WQ_UNBOUND
2026-02-08T11:25:42.704237+05:30 hanuman-VMware-Virtual-Platform kernel: audit: type=1400 audit(1770530142.702:169): apparmor="DENIED" operation="open" class="file" profile="snap.firefox.firefox" name="/proc/pressure/memory" pid=3500 comm="MemoryPoller" requested_mask="r" denied_mask="r" fsuid=1000 ouid=0
2026-02-08T11:25:47.713170+05:30 hanuman-VMware-Virtual-Platform kernel: audit: type=1400 audit(1770530147.712:170): apparmor="DENIED" operation="open" class="file" profile="snap.firefox.firefox" name="/proc/pressure/memory" pid=3500 comm="MemoryPoller" requested_mask="r" denied_mask="r" fsuid=1000 ouid=0
2026-02-08T11:25:55.888524+05:30 hanuman-VMware-Virtual-Platform kernel: audit: type=1400 audit(1770530155.886:171): apparmor="DENIED" operation="open" class="file" profile="snap.firefox.firefox" name="/proc/pressure/memory" pid=3500 comm="MemoryPoller" requested_mask="r" denied_mask="r" fsuid=1000 ouid=0
2026-02-08T11:26:01.364566+05:30 hanuman-VMware-Virtual-Platform kernel: audit: type=1400 audit(1770530161.362:172): apparmor="DENIED" operation="open" class="file" profile="snap.firefox.firefox" name="/proc/pressure/memory" pid=3500 comm="MemoryPoller" requested_mask="r" denied_mask="r" fsuid=1000 ouid=0
2026-02-08T11:26:06.369288+05:30 hanuman-VMware-Virtual-Platform kernel: audit: type=1400 audit(1770530166.367:173): apparmor="DENIED" operation="open" class="file" profile="snap.firefox.firefox" name="/proc/pressure/memory" pid=3500 comm="MemoryPoller" requested_mask="r" denied_mask="r" fsuid=1000 ouid=0
2026-02-08T11:26:16.502724+05:30 hanuman-VMware-Virtual-Platform kernel: audit: type=1400 audit(1770530176.499:174): apparmor="DENIED" operation="open" class="file" profile="snap.firefox.firefox" name="/proc/pressure/memory" pid=3500 comm="MemoryPoller" requested_mask="r" denied_mask="r" fsuid=1000 ouid=0
2026-02-08T11:26:21.633644+05:30 hanuman-VMware-Virtual-Platform kernel: audit: type=1400 audit(1770530181.631:175): apparmor="DENIED" operation="open" class="file" profile="snap.firefox.firefox" name="/proc/pressure/memory" pid=3500 comm="MemoryPoller" requested_mask="r" denied_mask="r" fsuid=1000 ouid=0
2026-02-08T11:26:26.649347+05:30 hanuman-VMware-Virtual-Platform kernel: audit: type=1400 audit(1770530186.648:176): apparmor="DENIED" operation="open" class="file" profile="snap.firefox.firefox" name="/proc/pressure/memory" pid=3500 comm="MemoryPoller" requested_mask="r" denied_mask="r" fsuid=1000 ouid=0
2026-02-08T11:26:31.654084+05:30 hanuman-VMware-Virtual-Platform kernel: audit: type=1400 audit(1770530191.651:177): apparmor="DENIED" operation="open" class="file" profile="snap.firefox.firefox" name="/proc/pressure/memory" pid=3500 comm="MemoryPoller" requested_mask="r" denied_mask="r" fsuid=1000 ouid=0
2026-02-08T11:27:48.058315+05:30 hanuman-VMware-Virtual-Platform kernel: audit: type=1400 audit(1770530268.056:178): apparmor="DENIED" operation="open" class="file" profile="snap.firefox.firefox" name="/proc/pressure/memory" pid=3500 comm="MemoryPoller" requested_mask="r" denied_mask="r" fsuid=1000 ouid=0
2026-02-08T11:27:53.067075+05:30 hanuman-VMware-Virtual-Platform kernel: audit: type=1400 audit(1770530273.064:179): apparmor="DENIED" operation="open" class="file" profile="snap.firefox.firefox" name="/proc/pressure/memory" pid=3500 comm="MemoryPoller" requested_mask="r" denied_mask="r" fsuid=1000 ouid=0
2026-02-08T11:38:37.647807+05:30 hanuman-VMware-Virtual-Platform kernel: audit: type=1400 audit(1770530917.645:180): apparmor="DENIED" operation="open" class="file" profile="snap.firefox.firefox" name="/proc/pressure/memory" pid=3500 comm="MemoryPoller" requested_mask="r" denied_mask="r" fsuid=1000 ouid=0
2026-02-08T11:38:42.652931+05:30 hanuman-VMware-Virtual-Platform kernel: audit: type=1400 audit(1770530922.650:181): apparmor="DENIED" operation="open" class="file" profile="snap.firefox.firefox" name="/proc/pressure/memory" pid=3500 comm="MemoryPoller" requested_mask="r" denied_mask="r" fsuid=1000 ouid=0
2026-02-08T11:38:47.660146+05:30 hanuman-VMware-Virtual-Platform kernel: audit: type=1400 audit(1770530927.655:182): apparmor="DENIED" operation="open" class="file" profile="snap.firefox.firefox" name="/proc/pressure/memory" pid=3500 comm="MemoryPoller" requested_mask="r" denied_mask="r" fsuid=1000 ouid=0
2026-02-08T11:38:52.660686+05:30 hanuman-VMware-Virtual-Platform kernel: audit: type=1400 audit(1770530932.658:183): apparmor="DENIED" operation="open" class="file" profile="snap.firefox.firefox" name="/proc/pressure/memory" pid=3500 comm="MemoryPoller" requested_mask="r" denied_mask="r" fsuid=1000 ouid=0
2026-02-08T11:38:57.661615+05:30 hanuman-VMware-Virtual-Platform kernel: audit: type=1400 audit(1770530937.659:184): apparmor="DENIED" operation="open" class="file" profile="snap.firefox.firefox" name="/proc/pressure/memory" pid=3500 comm="MemoryPoller" requested_mask="r" denied_mask="r" fsuid=1000 ouid=0
2026-02-08T11:40:10.202373+05:30 hanuman-VMware-Virtual-Platform kernel: workqueue: e1000_watchdog [e1000] hogged CPU for >10000us 4 times, consider switching to WQ_UNBOUND
2026-02-08T11:40:26.583877+05:30 hanuman-VMware-Virtual-Platform kernel: workqueue: e1000_watchdog [e1000] hogged CPU for >10000us 5 times, consider switching to WQ_UNBOUND
2026-02-08T11:46:55.704539+05:30 hanuman-VMware-Virtual-Platform kernel: workqueue: e1000_watchdog [e1000] hogged CPU for >10000us 7 times, consider switching to WQ_UNBOUND
2026-02-08T11:47:15.241542+05:30 hanuman-VMware-Virtual-Platform kernel: workqueue: psi_avgs_work hogged CPU for >10000us 11 times, consider switching to WQ_UNBOUND
2026-02-08T12:00:58.125421+05:30 hanuman-VMware-Virtual-Platform kernel: audit: type=1400 audit(1770532258.123:185): apparmor="DENIED" operation="open" class="file" profile="snap.firmware-updater.firmware-notifier" name="/proc/sys/vm/max_map_count" pid=6215 comm="firmware-notifi" requested_mask="r" denied_mask="r" fsuid=1000 ouid=0
2026-02-08T12:10:06.365630+05:30 hanuman-VMware-Virtual-Platform kernel: workqueue: e1000_watchdog [e1000] hogged CPU for >10000us 11 times, consider switching to WQ_UNBOUND
2026-02-08T12:10:53.624415+05:30 hanuman-VMware-Virtual-Platform kernel: audit: type=1400 audit(1770532853.622:186): apparmor="DENIED" operation="open" class="file" profile="snap.firefox.firefox" name="/proc/pressure/memory" pid=3500 comm="MemoryPoller" requested_mask="r" denied_mask="r" fsuid=1000 ouid=0
2026-02-08T12:12:32.565248+05:30 hanuman-VMware-Virtual-Platform kernel: audit: type=1400 audit(1770532952.564:187): apparmor="DENIED" operation="open" class="file" profile="snap.firefox.firefox" name="/proc/pressure/memory" pid=3500 comm="MemoryPoller" requested_mask="r" denied_mask="r" fsuid=1000 ouid=0
2026-02-08T12:12:37.620602+05:30 hanuman-VMware-Virtual-Platform kernel: audit: type=1400 audit(1770532957.617:188): apparmor="DENIED" operation="open" class="file" profile="snap.firefox.firefox" name="/proc/pressure/memory" pid=3500 comm="MemoryPoller" requested_mask="r" denied_mask="r" fsuid=1000 ouid=0
2026-02-08T12:12:42.620358+05:30 hanuman-VMware-Virtual-Platform kernel: audit: type=1400 audit(1770532962.618:189): apparmor="DENIED" operation="open" class="file" profile="snap.firefox.firefox" name="/proc/pressure/memory" pid=3500 comm="MemoryPoller" requested_mask="r" denied_mask="r" fsuid=1000 ouid=0
2026-02-08T12:12:47.622919+05:30 hanuman-VMware-Virtual-Platform kernel: audit: type=1400 audit(1770532967.620:190): apparmor="DENIED" operation="open" class="file" profile="snap.firefox.firefox" name="/proc/pressure/memory" pid=3500 comm="MemoryPoller" requested_mask="r" denied_mask="r" fsuid=1000 ouid=0
2026-02-08T12:12:52.641190+05:30 hanuman-VMware-Virtual-Platform kernel: audit: type=1400 audit(1770532972.639:191): apparmor="DENIED" operation="open" class="file" profile="snap.firefox.firefox" name="/proc/pressure/memory" pid=3500 comm="MemoryPoller" requested_mask="r" denied_mask="r" fsuid=1000 ouid=0
2026-02-08T12:13:07.496876+05:30 hanuman-VMware-Virtual-Platform kernel: audit: type=1400 audit(1770532987.494:192): apparmor="DENIED" operation="open" class="file" profile="snap.firefox.firefox" name="/proc/pressure/memory" pid=3500 comm="MemoryPoller" requested_mask="r" denied_mask="r" fsuid=1000 ouid=0
2026-02-08T12:13:12.498782+05:30 hanuman-VMware-Virtual-Platform kernel: audit: type=1400 audit(1770532992.495:193): apparmor="DENIED" operation="open" class="file" profile="snap.firefox.firefox" name="/proc/pressure/memory" pid=3500 comm="MemoryPoller" requested_mask="r" denied_mask="r" fsuid=1000 ouid=0
2026-02-08T12:13:19.970126+05:30 hanuman-VMware-Virtual-Platform kernel: audit: type=1400 audit(1770532999.949:194): apparmor="DENIED" operation="open" class="file" profile="snap.firefox.firefox" name="/proc/pressure/memory" pid=3500 comm="MemoryPoller" requested_mask="r" denied_mask="r" fsuid=1000 ouid=0
2026-02-08T12:13:24.998260+05:30 hanuman-VMware-Virtual-Platform kernel: audit: type=1400 audit(1770533004.995:195): apparmor="DENIED" operation="open" class="file" profile="snap.firefox.firefox" name="/proc/pressure/memory" pid=3500 comm="MemoryPoller" requested_mask="r" denied_mask="r" fsuid=1000 ouid=0
2026-02-08T12:14:01.657376+05:30 hanuman-VMware-Virtual-Platform kernel: audit: type=1400 audit(1770533041.656:196): apparmor="DENIED" operation="open" class="file" profile="snap.firefox.firefox" name="/proc/pressure/memory" pid=3500 comm="MemoryPoller" requested_mask="r" denied_mask="r" fsuid=1000 ouid=0
2026-02-08T12:22:40.093804+05:30 hanuman-VMware-Virtual-Platform kernel: audit: type=1400 audit(1770533560.091:197): apparmor="DENIED" operation="open" class="file" profile="snap.firefox.firefox" name="/proc/pressure/memory" pid=3500 comm="MemoryPoller" requested_mask="r" denied_mask="r" fsuid=1000 ouid=0
2026-02-08T12:22:45.095666+05:30 hanuman-VMware-Virtual-Platform kernel: audit: type=1400 audit(1770533565.093:198): apparmor="DENIED" operation="open" class="file" profile="snap.firefox.firefox" name="/proc/pressure/memory" pid=3500 comm="MemoryPoller" requested_mask="r" denied_mask="r" fsuid=1000 ouid=0
2026-02-08T12:22:50.097300+05:30 hanuman-VMware-Virtual-Platform kernel: audit: type=1400 audit(1770533570.095:199): apparmor="DENIED" operation="open" class="file" profile="snap.firefox.firefox" name="/proc/pressure/memory" pid=3500 comm="MemoryPoller" requested_mask="r" denied_mask="r" fsuid=1000 ouid=0
2026-02-08T12:22:55.150643+05:30 hanuman-VMware-Virtual-Platform kernel: audit: type=1400 audit(1770533575.148:200): apparmor="DENIED" operation="open" class="file" profile="snap.firefox.firefox" name="/proc/pressure/memory" pid=3500 comm="MemoryPoller" requested_mask="r" denied_mask="r" fsuid=1000 ouid=0
2026-02-08T12:23:00.222458+05:30 hanuman-VMware-Virtual-Platform kernel: audit: type=1400 audit(1770533580.220:201): apparmor="DENIED" operation="open" class="file" profile="snap.firefox.firefox" name="/proc/pressure/memory" pid=3500 comm="MemoryPoller" requested_mask="r" denied_mask="r" fsuid=1000 ouid=0
2026-02-08T12:23:05.277462+05:30 hanuman-VMware-Virtual-Platform kernel: audit: type=1400 audit(1770533585.272:202): apparmor="DENIED" operation="open" class="file" profile="snap.firefox.firefox" name="/proc/pressure/memory" pid=3500 comm="MemoryPoller" requested_mask="r" denied_mask="r" fsuid=1000 ouid=0
2026-02-08T12:23:15.735266+05:30 hanuman-VMware-Virtual-Platform kernel: audit: type=1400 audit(1770533595.733:203): apparmor="DENIED" operation="open" class="file" profile="snap.firefox.firefox" name="/proc/pressure/memory" pid=3500 comm="MemoryPoller" requested_mask="r" denied_mask="r" fsuid=1000 ouid=0
2026-02-08T12:23:22.597608+05:30 hanuman-VMware-Virtual-Platform kernel: audit: type=1400 audit(1770533602.595:204): apparmor="DENIED" operation="open" class="file" profile="snap.firefox.firefox" name="/proc/pressure/memory" pid=3500 comm="MemoryPoller" requested_mask="r" denied_mask="r" fsuid=1000 ouid=0
2026-02-08T12:23:27.600258+05:30 hanuman-VMware-Virtual-Platform kernel: audit: type=1400 audit(1770533607.597:205): apparmor="DENIED" operation="open" class="file" profile="snap.firefox.firefox" name="/proc/pressure/memory" pid=3500 comm="MemoryPoller" requested_mask="r" denied_mask="r" fsuid=1000 ouid=0
2026-02-08T12:23:32.601919+05:30 hanuman-VMware-Virtual-Platform kernel: audit: type=1400 audit(1770533612.599:206): apparmor="DENIED" operation="open" class="file" profile="snap.firefox.firefox" name="/proc/pressure/memory" pid=3500 comm="MemoryPoller" requested_mask="r" denied_mask="r" fsuid=1000 ouid=0
2026-02-08T12:23:37.603604+05:30 hanuman-VMware-Virtual-Platform kernel: audit: type=1400 audit(1770533617.600:207): apparmor="DENIED" operation="open" class="file" profile="snap.firefox.firefox" name="/proc/pressure/memory" pid=3500 comm="MemoryPoller" requested_mask="r" denied_mask="r" fsuid=1000 ouid=0
2026-02-08T12:23:42.604508+05:30 hanuman-VMware-Virtual-Platform kernel: audit: type=1400 audit(1770533622.603:208): apparmor="DENIED" operation="open" class="file" profile="snap.firefox.firefox" name="/proc/pressure/memory" pid=3500 comm="MemoryPoller" requested_mask="r" denied_mask="r" fsuid=1000 ouid=0
2026-02-08T12:23:47.606679+05:30 hanuman-VMware-Virtual-Platform kernel: audit: type=1400 audit(1770533627.605:209): apparmor="DENIED" operation="open" class="file" profile="snap.firefox.firefox" name="/proc/pressure/memory" pid=3500 comm="MemoryPoller" requested_mask="r" denied_mask="r" fsuid=1000 ouid=0
2026-02-08T12:23:52.612239+05:30 hanuman-VMware-Virtual-Platform kernel: audit: type=1400 audit(1770533632.610:210): apparmor="DENIED" operation="open" class="file" profile="snap.firefox.firefox" name="/proc/pressure/memory" pid=3500 comm="MemoryPoller" requested_mask="r" denied_mask="r" fsuid=1000 ouid=0
2026-02-08T12:23:57.612457+05:30 hanuman-VMware-Virtual-Platform kernel: audit: type=1400 audit(1770533637.610:211): apparmor="DENIED" operation="open" class="file" profile="snap.firefox.firefox" name="/proc/pressure/memory" pid=3500 comm="MemoryPoller" requested_mask="r" denied_mask="r" fsuid=1000 ouid=0
2026-02-08T12:24:02.664381+05:30 hanuman-VMware-Virtual-Platform kernel: audit: type=1400 audit(1770533642.662:212): apparmor="DENIED" operation="open" class="file" profile="snap.firefox.firefox" name="/proc/pressure/memory" pid=3500 comm="MemoryPoller" requested_mask="r" denied_mask="r" fsuid=1000 ouid=0
2026-02-08T12:24:07.665441+05:30 hanuman-VMware-Virtual-Platform kernel: audit: type=1400 audit(1770533647.663:213): apparmor="DENIED" operation="open" class="file" profile="snap.firefox.firefox" name="/proc/pressure/memory" pid=3500 comm="MemoryPoller" requested_mask="r" denied_mask="r" fsuid=1000 ouid=0
2026-02-08T12:24:13.935641+05:30 hanuman-VMware-Virtual-Platform kernel: audit: type=1400 audit(1770533653.929:214): apparmor="DENIED" operation="open" class="file" profile="snap.firefox.firefox" name="/proc/pressure/memory" pid=3500 comm="MemoryPoller" requested_mask="r" denied_mask="r" fsuid=1000 ouid=0
2026-02-08T12:26:31.525923+05:30 hanuman-VMware-Virtual-Platform kernel: audit: type=1400 audit(1770533791.518:215): apparmor="DENIED" operation="open" class="file" profile="snap.firefox.firefox" name="/proc/pressure/memory" pid=3500 comm="MemoryPoller" requested_mask="r" denied_mask="r" fsuid=1000 ouid=0
2026-02-08T12:26:36.530469+05:30 hanuman-VMware-Virtual-Platform kernel: audit: type=1400 audit(1770533796.528:216): apparmor="DENIED" operation="open" class="file" profile="snap.firefox.firefox" name="/proc/pressure/memory" pid=3500 comm="MemoryPoller" requested_mask="r" denied_mask="r" fsuid=1000 ouid=0
2026-02-08T12:26:41.581276+05:30 hanuman-VMware-Virtual-Platform kernel: audit: type=1400 audit(1770533801.578:217): apparmor="DENIED" operation="open" class="file" profile="snap.firefox.firefox" name="/proc/pressure/memory" pid=3500 comm="MemoryPoller" requested_mask="r" denied_mask="r" fsuid=1000 ouid=0
2026-02-08T12:26:46.589651+05:30 hanuman-VMware-Virtual-Platform kernel: audit: type=1400 audit(1770533806.587:218): apparmor="DENIED" operation="open" class="file" profile="snap.firefox.firefox" name="/proc/pressure/memory" pid=3500 comm="MemoryPoller" requested_mask="r" denied_mask="r" fsuid=1000 ouid=0
2026-02-08T12:26:51.592765+05:30 hanuman-VMware-Virtual-Platform kernel: audit: type=1400 audit(1770533811.590:219): apparmor="DENIED" operation="open" class="file" profile="snap.firefox.firefox" name="/proc/pressure/memory" pid=3500 comm="MemoryPoller" requested_mask="r" denied_mask="r" fsuid=1000 ouid=0
2026-02-08T12:26:56.597466+05:30 hanuman-VMware-Virtual-Platform kernel: audit: type=1400 audit(1770533816.594:220): apparmor="DENIED" operation="open" class="file" profile="snap.firefox.firefox" name="/proc/pressure/memory" pid=3500 comm="MemoryPoller" requested_mask="r" denied_mask="r" fsuid=1000 ouid=0
2026-02-08T12:27:01.598527+05:30 hanuman-VMware-Virtual-Platform kernel: audit: type=1400 audit(1770533821.596:221): apparmor="DENIED" operation="open" class="file" profile="snap.firefox.firefox" name="/proc/pressure/memory" pid=3500 comm="MemoryPoller" requested_mask="r" denied_mask="r" fsuid=1000 ouid=0
2026-02-08T12:27:06.599493+05:30 hanuman-VMware-Virtual-Platform kernel: audit: type=1400 audit(1770533826.598:222): apparmor="DENIED" operation="open" class="file" profile="snap.firefox.firefox" name="/proc/pressure/memory" pid=3500 comm="MemoryPoller" requested_mask="r" denied_mask="r" fsuid=1000 ouid=0
2026-02-08T12:27:11.601394+05:30 hanuman-VMware-Virtual-Platform kernel: audit: type=1400 audit(1770533831.600:223): apparmor="DENIED" operation="open" class="file" profile="snap.firefox.firefox" name="/proc/pressure/memory" pid=3500 comm="MemoryPoller" requested_mask="r" denied_mask="r" fsuid=1000 ouid=0
2026-02-08T12:27:16.602525+05:30 hanuman-VMware-Virtual-Platform kernel: audit: type=1400 audit(1770533836.601:224): apparmor="DENIED" operation="open" class="file" profile="snap.firefox.firefox" name="/proc/pressure/memory" pid=3500 comm="MemoryPoller" requested_mask="r" denied_mask="r" fsuid=1000 ouid=0
2026-02-08T12:27:21.605958+05:30 hanuman-VMware-Virtual-Platform kernel: audit: type=1400 audit(1770533841.603:225): apparmor="DENIED" operation="open" class="file" profile="snap.firefox.firefox" name="/proc/pressure/memory" pid=3500 comm="MemoryPoller" requested_mask="r" denied_mask="r" fsuid=1000 ouid=0
2026-02-08T12:27:26.606445+05:30 hanuman-VMware-Virtual-Platform kernel: audit: type=1400 audit(1770533846.604:226): apparmor="DENIED" operation="open" class="file" profile="snap.firefox.firefox" name="/proc/pressure/memory" pid=3500 comm="MemoryPoller" requested_mask="r" denied_mask="r" fsuid=1000 ouid=0
2026-02-08T12:27:31.786435+05:30 hanuman-VMware-Virtual-Platform kernel: audit: type=1400 audit(1770533851.784:227): apparmor="DENIED" operation="open" class="file" profile="snap.firefox.firefox" name="/proc/pressure/memory" pid=3500 comm="MemoryPoller" requested_mask="r" denied_mask="r" fsuid=1000 ouid=0
2026-02-08T12:27:36.789745+05:30 hanuman-VMware-Virtual-Platform kernel: audit: type=1400 audit(1770533856.786:228): apparmor="DENIED" operation="open" class="file" profile="snap.firefox.firefox" name="/proc/pressure/memory" pid=3500 comm="MemoryPoller" requested_mask="r" denied_mask="r" fsuid=1000 ouid=0
2026-02-08T12:27:41.843628+05:30 hanuman-VMware-Virtual-Platform kernel: audit: type=1400 audit(1770533861.841:229): apparmor="DENIED" operation="open" class="file" profile="snap.firefox.firefox" name="/proc/pressure/memory" pid=3500 comm="MemoryPoller" requested_mask="r" denied_mask="r" fsuid=1000 ouid=0
2026-02-08T12:27:46.846558+05:30 hanuman-VMware-Virtual-Platform kernel: audit: type=1400 audit(1770533866.843:230): apparmor="DENIED" operation="open" class="file" profile="snap.firefox.firefox" name="/proc/pressure/memory" pid=3500 comm="MemoryPoller" requested_mask="r" denied_mask="r" fsuid=1000 ouid=0
2026-02-08T12:27:51.846297+05:30 hanuman-VMware-Virtual-Platform kernel: audit: type=1400 audit(1770533871.844:231): apparmor="DENIED" operation="open" class="file" profile="snap.firefox.firefox" name="/proc/pressure/memory" pid=3500 comm="MemoryPoller" requested_mask="r" denied_mask="r" fsuid=1000 ouid=0
2026-02-08T12:27:56.848518+05:30 hanuman-VMware-Virtual-Platform kernel: audit: type=1400 audit(1770533876.846:232): apparmor="DENIED" operation="open" class="file" profile="snap.firefox.firefox" name="/proc/pressure/memory" pid=3500 comm="MemoryPoller" requested_mask="r" denied_mask="r" fsuid=1000 ouid=0
2026-02-08T12:28:01.954219+05:30 hanuman-VMware-Virtual-Platform kernel: audit: type=1400 audit(1770533881.952:233): apparmor="DENIED" operation="open" class="file" profile="snap.firefox.firefox" name="/proc/pressure/memory" pid=3500 comm="MemoryPoller" requested_mask="r" denied_mask="r" fsuid=1000 ouid=0
2026-02-08T12:28:07.578132+05:30 hanuman-VMware-Virtual-Platform kernel: audit: type=1400 audit(1770533887.576:234): apparmor="DENIED" operation="open" class="file" profile="snap.firefox.firefox" name="/proc/pressure/memory" pid=3500 comm="MemoryPoller" requested_mask="r" denied_mask="r" fsuid=1000 ouid=0
2026-02-08T12:28:12.762855+05:30 hanuman-VMware-Virtual-Platform kernel: audit: type=1400 audit(1770533892.759:235): apparmor="DENIED" operation="open" class="file" profile="snap.firefox.firefox" name="/proc/pressure/memory" pid=3500 comm="MemoryPoller" requested_mask="r" denied_mask="r" fsuid=1000 ouid=0
2026-02-08T12:28:17.764937+05:30 hanuman-VMware-Virtual-Platform kernel: audit: type=1400 audit(1770533897.760:236): apparmor="DENIED" operation="open" class="file" profile="snap.firefox.firefox" name="/proc/pressure/memory" pid=3500 comm="MemoryPoller" requested_mask="r" denied_mask="r" fsuid=1000 ouid=0
2026-02-08T12:28:22.765922+05:30 hanuman-VMware-Virtual-Platform kernel: audit: type=1400 audit(1770533902.763:237): apparmor="DENIED" operation="open" class="file" profile="snap.firefox.firefox" name="/proc/pressure/memory" pid=3500 comm="MemoryPoller" requested_mask="r" denied_mask="r" fsuid=1000 ouid=0
2026-02-08T12:28:27.770073+05:30 hanuman-VMware-Virtual-Platform kernel: audit: type=1400 audit(1770533907.766:238): apparmor="DENIED" operation="open" class="file" profile="snap.firefox.firefox" name="/proc/pressure/memory" pid=3500 comm="MemoryPoller" requested_mask="r" denied_mask="r" fsuid=1000 ouid=0
2026-02-08T12:28:32.768636+05:30 hanuman-VMware-Virtual-Platform kernel: audit: type=1400 audit(1770533912.766:239): apparmor="DENIED" operation="open" class="file" profile="snap.firefox.firefox" name="/proc/pressure/memory" pid=3500 comm="MemoryPoller" requested_mask="r" denied_mask="r" fsuid=1000 ouid=0
2026-02-08T12:28:38.167238+05:30 hanuman-VMware-Virtual-Platform kernel: audit: type=1400 audit(1770533918.164:240): apparmor="DENIED" operation="open" class="file" profile="snap.firefox.firefox" name="/proc/pressure/memory" pid=3500 comm="MemoryPoller" requested_mask="r" denied_mask="r" fsuid=1000 ouid=0
2026-02-08T12:28:43.215767+05:30 hanuman-VMware-Virtual-Platform kernel: audit: type=1400 audit(1770533923.213:241): apparmor="DENIED" operation="open" class="file" profile="snap.firefox.firefox" name="/proc/pressure/memory" pid=3500 comm="MemoryPoller" requested_mask="r" denied_mask="r" fsuid=1000 ouid=0
2026-02-08T12:28:48.619003+05:30 hanuman-VMware-Virtual-Platform kernel: audit: type=1400 audit(1770533928.617:242): apparmor="DENIED" operation="open" class="file" profile="snap.firefox.firefox" name="/proc/pressure/memory" pid=3500 comm="MemoryPoller" requested_mask="r" denied_mask="r" fsuid=1000 ouid=0
2026-02-08T12:28:53.619675+05:30 hanuman-VMware-Virtual-Platform kernel: audit: type=1400 audit(1770533933.618:243): apparmor="DENIED" operation="open" class="file" profile="snap.firefox.firefox" name="/proc/pressure/memory" pid=3500 comm="MemoryPoller" requested_mask="r" denied_mask="r" fsuid=1000 ouid=0
2026-02-08T12:28:58.665877+05:30 hanuman-VMware-Virtual-Platform kernel: audit: type=1400 audit(1770533938.664:244): apparmor="DENIED" operation="open" class="file" profile="snap.firefox.firefox" name="/proc/pressure/memory" pid=3500 comm="MemoryPoller" requested_mask="r" denied_mask="r" fsuid=1000 ouid=0
2026-02-08T12:29:03.667356+05:30 hanuman-VMware-Virtual-Platform kernel: audit: type=1400 audit(1770533943.665:245): apparmor="DENIED" operation="open" class="file" profile="snap.firefox.firefox" name="/proc/pressure/memory" pid=3500 comm="MemoryPoller" requested_mask="r" denied_mask="r" fsuid=1000 ouid=0
2026-02-08T12:29:08.668491+05:30 hanuman-VMware-Virtual-Platform kernel: audit: type=1400 audit(1770533948.666:246): apparmor="DENIED" operation="open" class="file" profile="snap.firefox.firefox" name="/proc/pressure/memory" pid=3500 comm="MemoryPoller" requested_mask="r" denied_mask="r" fsuid=1000 ouid=0
2026-02-08T12:29:13.671515+05:30 hanuman-VMware-Virtual-Platform kernel: audit: type=1400 audit(1770533953.668:247): apparmor="DENIED" operation="open" class="file" profile="snap.firefox.firefox" name="/proc/pressure/memory" pid=3500 comm="MemoryPoller" requested_mask="r" denied_mask="r" fsuid=1000 ouid=0
2026-02-08T12:29:18.673371+05:30 hanuman-VMware-Virtual-Platform kernel: audit: type=1400 audit(1770533958.671:248): apparmor="DENIED" operation="open" class="file" profile="snap.firefox.firefox" name="/proc/pressure/memory" pid=3500 comm="MemoryPoller" requested_mask="r" denied_mask="r" fsuid=1000 ouid=0
2026-02-08T12:29:23.675334+05:30 hanuman-VMware-Virtual-Platform kernel: audit: type=1400 audit(1770533963.673:249): apparmor="DENIED" operation="open" class="file" profile="snap.firefox.firefox" name="/proc/pressure/memory" pid=3500 comm="MemoryPoller" requested_mask="r" denied_mask="r" fsuid=1000 ouid=0
2026-02-08T12:29:28.678844+05:30 hanuman-VMware-Virtual-Platform kernel: audit: type=1400 audit(1770533968.675:250): apparmor="DENIED" operation="open" class="file" profile="snap.firefox.firefox" name="/proc/pressure/memory" pid=3500 comm="MemoryPoller" requested_mask="r" denied_mask="r" fsuid=1000 ouid=0
2026-02-08T12:29:33.680992+05:30 hanuman-VMware-Virtual-Platform kernel: audit: type=1400 audit(1770533973.676:251): apparmor="DENIED" operation="open" class="file" profile="snap.firefox.firefox" name="/proc/pressure/memory" pid=3500 comm="MemoryPoller" requested_mask="r" denied_mask="r" fsuid=1000 ouid=0
2026-02-08T12:29:38.682515+05:30 hanuman-VMware-Virtual-Platform kernel: audit: type=1400 audit(1770533978.678:252): apparmor="DENIED" operation="open" class="file" profile="snap.firefox.firefox" name="/proc/pressure/memory" pid=3500 comm="MemoryPoller" requested_mask="r" denied_mask="r" fsuid=1000 ouid=0
2026-02-08T12:29:43.681771+05:30 hanuman-VMware-Virtual-Platform kernel: audit: type=1400 audit(1770533983.679:253): apparmor="DENIED" operation="open" class="file" profile="snap.firefox.firefox" name="/proc/pressure/memory" pid=3500 comm="MemoryPoller" requested_mask="r" denied_mask="r" fsuid=1000 ouid=0
2026-02-08T12:29:48.684091+05:30 hanuman-VMware-Virtual-Platform kernel: audit: type=1400 audit(1770533988.680:254): apparmor="DENIED" operation="open" class="file" profile="snap.firefox.firefox" name="/proc/pressure/memory" pid=3500 comm="MemoryPoller" requested_mask="r" denied_mask="r" fsuid=1000 ouid=0
2026-02-08T12:29:53.685235+05:30 hanuman-VMware-Virtual-Platform kernel: audit: type=1400 audit(1770533993.681:255): apparmor="DENIED" operation="open" class="file" profile="snap.firefox.firefox" name="/proc/pressure/memory" pid=3500 comm="MemoryPoller" requested_mask="r" denied_mask="r" fsuid=1000 ouid=0
2026-02-08T12:29:58.686969+05:30 hanuman-VMware-Virtual-Platform kernel: audit: type=1400 audit(1770533998.683:256): apparmor="DENIED" operation="open" class="file" profile="snap.firefox.firefox" name="/proc/pressure/memory" pid=3500 comm="MemoryPoller" requested_mask="r" denied_mask="r" fsuid=1000 ouid=0
2026-02-08T12:30:03.690836+05:30 hanuman-VMware-Virtual-Platform kernel: audit: type=1400 audit(1770534003.689:257): apparmor="DENIED" operation="open" class="file" profile="snap.firefox.firefox" name="/proc/pressure/memory" pid=3500 comm="MemoryPoller" requested_mask="r" denied_mask="r" fsuid=1000 ouid=0
2026-02-08T12:30:08.692190+05:30 hanuman-VMware-Virtual-Platform kernel: audit: type=1400 audit(1770534008.690:258): apparmor="DENIED" operation="open" class="file" profile="snap.firefox.firefox" name="/proc/pressure/memory" pid=3500 comm="MemoryPoller" requested_mask="r" denied_mask="r" fsuid=1000 ouid=0
2026-02-08T12:30:13.877723+05:30 hanuman-VMware-Virtual-Platform kernel: audit: type=1400 audit(1770534013.876:259): apparmor="DENIED" operation="open" class="file" profile="snap.firefox.firefox" name="/proc/pressure/memory" pid=3500 comm="MemoryPoller" requested_mask="r" denied_mask="r" fsuid=1000 ouid=0
2026-02-08T12:30:20.735716+05:30 hanuman-VMware-Virtual-Platform kernel: audit: type=1400 audit(1770534020.734:260): apparmor="DENIED" operation="open" class="file" profile="snap.firefox.firefox" name="/proc/pressure/memory" pid=3500 comm="MemoryPoller" requested_mask="r" denied_mask="r" fsuid=1000 ouid=0
